TN:
SF:server/modules/entities/merchant.ts
FN:8,(anonymous_2)
FN:16,(anonymous_3)
FN:24,(anonymous_4)
FN:28,(anonymous_5)
FN:29,(anonymous_6)
FN:36,(anonymous_7)
FN:37,(anonymous_8)
FN:60,(anonymous_9)
FN:61,(anonymous_10)
FNF:9
FNH:9
FNDA:3,(anonymous_2)
FNDA:3,(anonymous_3)
FNDA:3,(anonymous_4)
FNDA:3,(anonymous_5)
FNDA:3,(anonymous_6)
FNDA:3,(anonymous_7)
FNDA:3,(anonymous_8)
FNDA:3,(anonymous_9)
FNDA:3,(anonymous_10)
DA:1,3
DA:2,3
DA:3,3
DA:4,3
DA:7,3
DA:8,3
DA:10,3
DA:14,3
DA:16,3
DA:18,3
DA:22,3
DA:24,3
DA:26,3
DA:28,3
DA:29,3
DA:30,3
DA:34,3
DA:36,3
DA:37,3
DA:38,3
DA:42,3
DA:46,3
DA:50,3
DA:54,3
DA:58,3
DA:60,3
DA:61,3
DA:62,3
DA:66,3
DA:69,3
LF:30
LH:30
BRF:0
BRH:0
end_of_record
TN:
SF:server/modules/entities/order.ts
FN:11,(anonymous_2)
FN:12,(anonymous_3)
FNF:2
FNH:2
FNDA:3,(anonymous_2)
FNDA:3,(anonymous_3)
DA:1,3
DA:2,3
DA:3,3
DA:6,3
DA:9,3
DA:11,3
DA:12,3
DA:13,3
DA:17,3
DA:21,3
DA:25,3
DA:28,3
LF:12
LH:12
BRF:0
BRH:0
end_of_record
TN:
SF:server/modules/entities/product.ts
FN:37,(anonymous_2)
FNF:1
FNH:1
FNDA:3,(anonymous_2)
DA:1,3
DA:2,3
DA:5,3
DA:7,3
DA:11,3
DA:15,3
DA:19,3
DA:23,3
DA:27,3
DA:31,3
DA:35,3
DA:37,3
DA:39,3
LF:13
LH:13
BRF:0
BRH:0
end_of_record
TN:
SF:server/modules/entities/user.ts
FNF:0
FNH:0
DA:1,3
DA:2,3
DA:5,3
DA:8,3
DA:12,3
DA:16,3
DA:20,3
DA:23,3
DA:26,3
LF:9
LH:9
BRF:0
BRH:0
end_of_record
TN:
SF:server/modules/middleware/auth-middleware.ts
FN:10,(anonymous_1)
FNF:1
FNH:1
FNDA:5,(anonymous_1)
DA:2,3
DA:10,3
DA:11,5
DA:12,5
DA:14,5
DA:15,1
DA:18,4
DA:20,3
DA:22,3
DA:25,1
LF:10
LH:10
BRDA:12,0,0,5
BRDA:12,0,1,4
BRDA:14,1,0,1
BRDA:14,1,1,4
BRF:4
BRH:4
end_of_record
TN:
SF:server/modules/resolvers/auth.resolver.ts
FN:10,(anonymous_12)
FN:33,(anonymous_14)
FN:9,(anonymous_16)
FN:32,(anonymous_17)
FNF:4
FNH:4
FNDA:1,(anonymous_12)
FNDA:3,(anonymous_14)
FNDA:3,(anonymous_16)
FNDA:3,(anonymous_17)
DA:1,3
DA:2,3
DA:3,3
DA:4,3
DA:5,3
DA:6,3
DA:8,3
DA:9,3
DA:10,3
DA:14,1
DA:16,1
DA:23,1
DA:25,1
DA:27,1
DA:29,1
DA:32,3
DA:33,3
DA:34,3
DA:36,3
DA:37,1
DA:40,2
DA:42,2
DA:43,1
DA:46,1
DA:48,1
DA:50,1
LF:26
LH:26
BRDA:36,0,0,1
BRDA:36,0,1,2
BRDA:42,1,0,1
BRDA:42,1,1,1
BRF:4
BRH:4
end_of_record
TN:
SF:server/modules/resolvers/merchant.resolver.ts
FN:7,(anonymous_9)
FN:6,(anonymous_11)
FNF:2
FNH:2
FNDA:1,(anonymous_9)
FNDA:3,(anonymous_11)
DA:1,3
DA:2,3
DA:5,3
DA:6,3
DA:7,3
DA:8,1
LF:6
LH:6
BRF:0
BRH:0
end_of_record
TN:
SF:server/modules/resolvers/order.resolver.ts
FN:10,(anonymous_11)
FN:18,(anonymous_13)
FN:19,(anonymous_15)
FN:20,(anonymous_16)
FN:8,(anonymous_17)
FN:16,(anonymous_18)
FNF:6
FNH:6
FNDA:2,(anonymous_11)
FNDA:1,(anonymous_13)
FNDA:1,(anonymous_15)
FNDA:1,(anonymous_16)
FNDA:3,(anonymous_17)
FNDA:3,(anonymous_18)
DA:1,3
DA:2,3
DA:3,3
DA:4,3
DA:7,3
DA:8,3
DA:10,3
DA:11,2
DA:13,2
DA:16,3
DA:18,3
DA:19,1
DA:20,1
DA:23,1
DA:30,1
DA:32,1
LF:16
LH:16
BRF:0
BRH:0
end_of_record
TN:
SF:server/modules/resolvers/types/order-input.ts
FN:23,(anonymous_2)
FNF:1
FNH:1
FNDA:4,(anonymous_2)
DA:1,3
DA:4,3
DA:6,3
DA:9,3
DA:12,3
DA:15,3
DA:18,3
DA:22,3
DA:23,4
DA:24,3
DA:27,3
LF:11
LH:11
BRF:0
BRH:0
end_of_record
TN:
SF:server/modules/resolvers/types/register-input.ts
FNF:0
FNH:0
DA:1,3
DA:2,3
DA:5,3
DA:8,3
DA:12,3
DA:16,3
LF:6
LH:6
BRF:0
BRH:0
end_of_record
TN:
SF:server/test-utils/gCall.ts
FN:17,(anonymous_8)
FN:30,(anonymous_9)
FN:30,(anonymous_10)
FNF:3
FNH:3
FNDA:4,(anonymous_8)
FNDA:10,(anonymous_9)
FNDA:10,(anonymous_10)
DA:1,3
DA:2,3
DA:4,3
DA:5,3
DA:17,3
DA:19,4
DA:20,1
DA:25,3
DA:30,10
DA:31,10
DA:32,3
DA:34,10
LF:12
LH:12
BRDA:19,0,0,1
BRDA:19,0,1,3
BRDA:31,1,0,3
BRDA:31,1,1,7
BRDA:40,2,0,4
BRDA:40,2,1,6
BRF:6
BRH:6
end_of_record
TN:
SF:server/utils/createSchema.ts
FN:8,(anonymous_6)
FNF:1
FNH:1
FNDA:3,(anonymous_6)
DA:1,3
DA:2,3
DA:3,3
DA:4,3
DA:5,3
DA:6,3
DA:8,3
DA:9,3
LF:8
LH:8
BRF:0
BRH:0
end_of_record
TN:
SF:server/utils/typegoose.loader.ts
FN:3,(anonymous_8)
FN:3,(anonymous_9)
FNF:2
FNH:2
FNDA:3,(anonymous_8)
FNDA:3,(anonymous_9)
DA:1,3
DA:3,3
DA:4,3
DA:5,3
DA:9,0
LF:5
LH:4
BRF:0
BRH:0
end_of_record
